<?xml version="1.0" encoding="UTF-8"?>
<!-- Generated by org.testng.reporters.JUnitXMLReporter -->
<testsuite hostname="dinesh" ignored="0" name="Test" tests="1" failures="1" timestamp="21 May 2020 19:57:49 GMT" time="19.067" errors="0">
  <testcase name="loginApp" time="3.387" classname="com.automation.testcases.LogintestCRM">
    <failure type="java.lang.NullPointerException">
      <![CDATA[java.lang.NullPointerException
at com.automation.utility.Exceldataprovider.getStringdata(Exceldataprovider.java:27)
at com.automation.testcases.LogintestCRM.loginApp(LogintestCRM.java:17)
... Removed 25 stack frames]]>
    </failure>
  </testcase> <!-- loginApp -->
</testsuite> <!-- Test -->
