<?xml version="1.0" encoding="UTF-8"?>
<testng-results skipped="0" failed="0" ignored="0" total="1" passed="1">
  <reporter-output>
  </reporter-output>
  <suite name="Default suite" duration-ms="23245" started-at="2020-05-22T12:35:39Z" finished-at="2020-05-22T12:36:03Z">
    <groups>
    </groups>
    <test name="Default test" duration-ms="23245" started-at="2020-05-22T12:35:39Z" finished-at="2020-05-22T12:36:03Z">
      <class name="com.automation.testcases.LogintestCRM">
        <test-method status="PASS" signature="setupsuite()[pri:0, instance:com.automation.testcases.LogintestCRM@6eda5c9]" name="setupsuite" is-config="true" duration-ms="1957" started-at="2020-05-22T12:35:37Z" finished-at="2020-05-22T12:35:39Z">
          <reporter-output>
          </reporter-output>
        </test-method> <!-- setupsuite -->
        <test-method status="PASS" signature="setup()[pri:0, instance:com.automation.testcases.LogintestCRM@6eda5c9]" name="setup" is-config="true" duration-ms="11007" started-at="2020-05-22T12:35:39Z" finished-at="2020-05-22T12:35:50Z">
          <reporter-output>
          </reporter-output>
        </test-method> <!-- setup -->
        <test-method status="PASS" signature="loginApp()[pri:0, instance:com.automation.testcases.LogintestCRM@6eda5c9]" name="loginApp" duration-ms="11306" started-at="2020-05-22T12:35:51Z" finished-at="2020-05-22T12:36:02Z">
          <reporter-output>
          </reporter-output>
        </test-method> <!-- loginApp -->
        <test-method status="PASS" signature="teardownmethod(org.testng.ITestResult)[pri:0, instance:com.automation.testcases.LogintestCRM@6eda5c9]" name="teardownmethod" is-config="true" duration-ms="7" started-at="2020-05-22T12:36:02Z" finished-at="2020-05-22T12:36:02Z">
          <params>
            <param index="0">
              <value>
                <![CDATA[[TestResult name=loginApp status=SUCCESS method=LogintestCRM.loginApp()[pri:0, instance:com.automation.testcases.LogintestCRM@6eda5c9] output={null}]]]>
              </value>
            </param>
          </params>
          <reporter-output>
          </reporter-output>
        </test-method> <!-- teardownmethod -->
        <test-method status="PASS" signature="tearDown()[pri:0, instance:com.automation.testcases.LogintestCRM@6eda5c9]" name="tearDown" is-config="true" duration-ms="849" started-at="2020-05-22T12:36:02Z" finished-at="2020-05-22T12:36:03Z">
          <reporter-output>
          </reporter-output>
        </test-method> <!-- tearDown -->
      </class> <!-- com.automation.testcases.LogintestCRM -->
    </test> <!-- Default test -->
  </suite> <!-- Default suite -->
</testng-results>
